<?xml version="1.0" encoding="UTF-8"?>
<testng-results total="2" passed="2" failed="0" skipped="0">
  <reporter-output>
  </reporter-output>
  <suite started-at="2024-07-17T13:59:22Z" name="Test Suite for Scrapper" finished-at="2024-07-17T14:00:01Z" duration-ms="38669">
    <groups>
    </groups>
    <test started-at="2024-07-17T13:59:22Z" name="Test Cases for Scrapper" finished-at="2024-07-17T14:00:01Z" duration-ms="38669">
      <class name="demo.TestCases">
        <test-method is-config="true" signature="startBrowser()[pri:0, instance:demo.TestCases@6337c201]" started-at="2024-07-17T19:29:22Z" name="startBrowser" finished-at="2024-07-17T19:29:24Z" duration-ms="1795" status="PASS">
          <reporter-output>
          </reporter-output>
        </test-method> <!-- startBrowser -->
        <test-method signature="testCase01()[pri:1, instance:demo.TestCases@6337c201]" started-at="2024-07-17T19:29:24Z" name="testCase01" description="TestCase01" finished-at="2024-07-17T19:29:44Z" duration-ms="19960" status="PASS">
          <reporter-output>
          </reporter-output>
        </test-method> <!-- testCase01 -->
        <test-method signature="testCase02()[pri:1, instance:demo.TestCases@6337c201]" started-at="2024-07-17T19:29:44Z" name="testCase02" description="TestCase01" finished-at="2024-07-17T19:30:01Z" duration-ms="16906" status="PASS">
          <reporter-output>
          </reporter-output>
        </test-method> <!-- testCase02 -->
      </class> <!-- demo.TestCases -->
    </test> <!-- Test Cases for Scrapper -->
  </suite> <!-- Test Suite for Scrapper -->
</testng-results>
